Loaded module: julia/1.11.3
Loaded module: gurobi/12.0.1
  Activating project at `~/RORO-Thesis/OliverModelStochastic`
Set parameter TSPort to value 4195
Set parameter TokenServer to value "license1.cc.dtu.dk"
Set parameter TSPort to value 4195
Set parameter TokenServer to value "license1.cc.dtu.dk"
Set parameter TSPort to value 4195
Set parameter TokenServer to value "license1.cc.dtu.dk"
Set parameter TSPort to value 4195
Set parameter TokenServer to value "license1.cc.dtu.dk"
Set parameter TSPort to value 4195
Set parameter TokenServer to value "license1.cc.dtu.dk"
Set parameter TSPort to value 4195
Set parameter TokenServer to value "license1.cc.dtu.dk"
Set parameter TSPort to value 4195
Set parameter TokenServer to value "license1.cc.dtu.dk"
Set parameter TSPort to value 4195
Set parameter TokenServer to value "license1.cc.dtu.dk"
Set parameter TSPort to value 4195
Set parameter TokenServer to value "license1.cc.dtu.dk"
Set parameter TSPort to value 4195
Set parameter TokenServer to value "license1.cc.dtu.dk"
Set parameter TSPort to value 4195
Set parameter TokenServer to value "license1.cc.dtu.dk"
Set parameter TSPort to value 4195
Set parameter TokenServer to value "license1.cc.dtu.dk"
Set parameter TSPort to value 4195
Set parameter TokenServer to value "license1.cc.dtu.dk"
Set parameter TSPort to value 4195
Set parameter TokenServer to value "license1.cc.dtu.dk"
Set parameter TSPort to value 4195
Set parameter TokenServer to value "license1.cc.dtu.dk"
Set parameter TSPort to value 4195
Set parameter TokenServer to value "license1.cc.dtu.dk"
Set parameter TSPort to value 4195
Set parameter TokenServer to value "license1.cc.dtu.dk"
Set parameter TSPort to value 4195
Set parameter TokenServer to value "license1.cc.dtu.dk"
Set parameter TSPort to value 4195
Set parameter TokenServer to value "license1.cc.dtu.dk"
Set parameter TSPort to value 4195
Set parameter TokenServer to value "license1.cc.dtu.dk"
Set parameter TSPort to value 4195
Set parameter TokenServer to value "license1.cc.dtu.dk"
Set parameter TSPort to value 4195
Set parameter TokenServer to value "license1.cc.dtu.dk"
Set parameter TSPort to value 4195
Set parameter TokenServer to value "license1.cc.dtu.dk"
Set parameter TSPort to value 4195
Set parameter TokenServer to value "license1.cc.dtu.dk"
Set parameter TSPort to value 4195
Set parameter TokenServer to value "license1.cc.dtu.dk"
Set parameter TSPort to value 4195
Set parameter TokenServer to value "license1.cc.dtu.dk"
Set parameter TSPort to value 4195
Set parameter TokenServer to value "license1.cc.dtu.dk"
Set parameter TSPort to value 4195
Set parameter TokenServer to value "license1.cc.dtu.dk"
Set parameter TSPort to value 4195
Set parameter TokenServer to value "license1.cc.dtu.dk"
Set parameter TSPort to value 4195
Set parameter TokenServer to value "license1.cc.dtu.dk"
Set parameter TSPort to value 4195
Set parameter TokenServer to value "license1.cc.dtu.dk"
Set parameter TSPort to value 4195
Set parameter TokenServer to value "license1.cc.dtu.dk"
Set parameter TSPort to value 4195
Set parameter TokenServer to value "license1.cc.dtu.dk"
Set parameter TSPort to value 4195
Set parameter TokenServer to value "license1.cc.dtu.dk"
Set parameter TSPort to value 4195
Set parameter TokenServer to value "license1.cc.dtu.dk"
Set parameter TSPort to value 4195
Set parameter TokenServer to value "license1.cc.dtu.dk"
Set parameter TSPort to value 4195
Set parameter TokenServer to value "license1.cc.dtu.dk"
[ Info: Creating vessel object for 'finlandia'
[ Info: All required files found, loading vessel data...
┌ Info: Successfully created vessel object
│   name = "FINLANDIA"
└   IMO = 9198721
[ Info: Simplifying vessel with target points: 50
rep: 1. sc: 1. n: 1
rep: 1. sc: 1. n: 2
rep: 1. sc: 1. n: 3
rep: 1. sc: 2. n: 1
rep: 1. sc: 2. n: 2
rep: 1. sc: 2. n: 3
rep: 1. sc: 3. n: 1
rep: 1. sc: 3. n: 2
rep: 1. sc: 3. n: 3
