Loaded module: julia/1.11.3
Loaded module: julia/1.11.3
Loaded module: julia/1.11.3
Loaded module: gurobi/12.0.1
Loaded module: julia/1.11.3
Loaded module: gurobi/12.0.1
Loaded module: julia/1.11.3
Loaded module: gurobi/12.0.1
Loaded module: gurobi/12.0.1
Loaded module: gurobi/12.0.1
  Activating project at `~/RORO-Thesis/OliverModelStochastic`
  Activating project at `~/RORO-Thesis/OliverModelStochastic`
  Activating project at `~/RORO-Thesis/OliverModelStochastic`
  Activating project at `~/RORO-Thesis/OliverModelStochastic`
  Activating project at `~/RORO-Thesis/OliverModelStochastic`

[2924691] signal 11 (1): Segmentation fault
in expression starting at none:0
Allocations: 62445873 (Pool: 62444156; Big: 1717); GC: 37
[ Info: Creating vessel object for 'finlandia'
[ Info: All required files found, loading vessel data...
┌ Info: Successfully created vessel object
│   name = "FINLANDIA"
└   IMO = 9198721
[ Info: Simplifying vessel with target points: 50
ERROR: LoadError: InterruptException:
Stacktrace:
 [1] GRBoptimize
   @ ~/.julia/packages/Gurobi/Br0Mc/src/gen120/libgrb_api.jl:1196 [inlined]
 [2] optimize!(model::Gurobi.Optimizer)
   @ Gurobi ~/.julia/packages/Gurobi/Br0Mc/src/MOI_wrapper/MOI_wrapper.jl:2797
 [3] optimize!
   @ ~/.julia/packages/MathOptInterface/MQX8C/src/Bridges/bridge_optimizer.jl:367 [inlined]
 [4] optimize!
   @ ~/.julia/packages/MathOptInterface/MQX8C/src/MathOptInterface.jl:122 [inlined]
 [5] optimize!(m::MathOptInterface.Utilities.CachingOptimizer{MathOptInterface.Bridges.LazyBridgeOptimizer{Gurobi.Optimizer}, MathOptInterface.Utilities.UniversalFallback{MathOptInterface.Utilities.Model{Float64}}})
   @ MathOptInterface.Utilities ~/.julia/packages/MathOptInterface/MQX8C/src/Utilities/cachingoptimizer.jl:321
 [6] optimize!(model::Model; ignore_optimize_hook::Bool, _differentiation_backend::MathOptInterface.Nonlinear.SparseReverseMode, kwargs::@Kwargs{})
   @ JuMP ~/.julia/packages/JuMP/xlp0s/src/optimizer_interface.jl:595
 [7] optimize!(model::Model)
   @ JuMP ~/.julia/packages/JuMP/xlp0s/src/optimizer_interface.jl:546
 [8] top-level scope
   @ ~/RORO-Thesis/OliverModelStochastic/Main_Stochastic_finlandia_no_cars.jl:27
in expression starting at /zhome/e3/5/146953/RORO-Thesis/OliverModelStochastic/Main_Stochastic_finlandia_no_cars.jl:22
/zhome/e3/5/146953/.lsbatch/1747293385.24983273.1.shell: line 21: 2924691 Segmentation fault      julia Main_Stochastic_finlandia_no_cars.jl $LSB_JOBINDEX
[ Info: Creating vessel object for 'finlandia'
[ Info: All required files found, loading vessel data...
┌ Info: Successfully created vessel object
│   name = "FINLANDIA"
└   IMO = 9198721
[ Info: Simplifying vessel with target points: 50
ERROR: LoadError: InterruptException:
Stacktrace:
 [1] GRBoptimize
   @ ~/.julia/packages/Gurobi/Br0Mc/src/gen120/libgrb_api.jl:1196 [inlined]
 [2] optimize!(model::Gurobi.Optimizer)
   @ Gurobi ~/.julia/packages/Gurobi/Br0Mc/src/MOI_wrapper/MOI_wrapper.jl:2797
 [3] optimize!
   @ ~/.julia/packages/MathOptInterface/MQX8C/src/Bridges/bridge_optimizer.jl:367 [inlined]
 [4] optimize!
   @ ~/.julia/packages/MathOptInterface/MQX8C/src/MathOptInterface.jl:122 [inlined]
 [5] optimize!(m::MathOptInterface.Utilities.CachingOptimizer{MathOptInterface.Bridges.LazyBridgeOptimizer{Gurobi.Optimizer}, MathOptInterface.Utilities.UniversalFallback{MathOptInterface.Utilities.Model{Float64}}})
   @ MathOptInterface.Utilities ~/.julia/packages/MathOptInterface/MQX8C/src/Utilities/cachingoptimizer.jl:321
 [6] optimize!(model::Model; ignore_optimize_hook::Bool, _differentiation_backend::MathOptInterface.Nonlinear.SparseReverseMode, kwargs::@Kwargs{})
   @ JuMP ~/.julia/packages/JuMP/xlp0s/src/optimizer_interface.jl:595
 [7] optimize!
   @ ~/.julia/packages/JuMP/xlp0s/src/optimizer_interface.jl:546 [inlined]
 [8] top-level scope
   @ ~/RORO-Thesis/OliverModelStochastic/Main_Stochastic_finlandia_no_cars.jl:59
in expression starting at /zhome/e3/5/146953/RORO-Thesis/OliverModelStochastic/Main_Stochastic_finlandia_no_cars.jl:50
[ Info: Creating vessel object for 'finlandia'
[ Info: All required files found, loading vessel data...
┌ Info: Successfully created vessel object
│   name = "FINLANDIA"
└   IMO = 9198721
[ Info: Simplifying vessel with target points: 50
ERROR: LoadError: InterruptException:
Stacktrace:
 [1] GRBoptimize
   @ ~/.julia/packages/Gurobi/Br0Mc/src/gen120/libgrb_api.jl:1196 [inlined]
 [2] optimize!(model::Gurobi.Optimizer)
   @ Gurobi ~/.julia/packages/Gurobi/Br0Mc/src/MOI_wrapper/MOI_wrapper.jl:2797
 [3] optimize!
   @ ~/.julia/packages/MathOptInterface/MQX8C/src/Bridges/bridge_optimizer.jl:367 [inlined]
 [4] optimize!
   @ ~/.julia/packages/MathOptInterface/MQX8C/src/MathOptInterface.jl:122 [inlined]
 [5] optimize!(m::MathOptInterface.Utilities.CachingOptimizer{MathOptInterface.Bridges.LazyBridgeOptimizer{Gurobi.Optimizer}, MathOptInterface.Utilities.UniversalFallback{MathOptInterface.Utilities.Model{Float64}}})
   @ MathOptInterface.Utilities ~/.julia/packages/MathOptInterface/MQX8C/src/Utilities/cachingoptimizer.jl:321
 [6] optimize!(model::Model; ignore_optimize_hook::Bool, _differentiation_backend::MathOptInterface.Nonlinear.SparseReverseMode, kwargs::@Kwargs{})
   @ JuMP ~/.julia/packages/JuMP/xlp0s/src/optimizer_interface.jl:595
 [7] optimize!
   @ ~/.julia/packages/JuMP/xlp0s/src/optimizer_interface.jl:546 [inlined]
 [8] top-level scope
   @ ~/RORO-Thesis/OliverModelStochastic/Main_Stochastic_finlandia_no_cars.jl:59
in expression starting at /zhome/e3/5/146953/RORO-Thesis/OliverModelStochastic/Main_Stochastic_finlandia_no_cars.jl:50

[2924647] signal 11 (128): Segmentation fault
in expression starting at none:0
_ZN12_GLOBAL__N_111LSRInstance38FilterOutUndesirableDedicatedRegistersEv at /appl/julia/1.11.3/bin/../lib/julia/libLLVM-16jl.so (unknown line)
_ZL18ReduceLoopStrengthPN4llvm4LoopERNS_7IVUsersERNS_15ScalarEvolutionERNS_13DominatorTreeERNS_8LoopInfoERKNS_19TargetTransformInfoERNS_15AssumptionCacheERNS_17TargetLibraryInfoEPNS_9MemorySSAE at /appl/julia/1.11.3/bin/../lib/julia/libLLVM-16jl.so (unknown line)
_ZN12_GLOBAL__N_118LoopStrengthReduce9runOnLoopEPN4llvm4LoopERNS1_13LPPassManagerE at /appl/julia/1.11.3/bin/../lib/julia/libLLVM-16jl.so (unknown line)
_ZN4llvm13LPPassManager13runOnFunctionERNS_8FunctionE at /appl/julia/1.11.3/bin/../lib/julia/libLLVM-16jl.so (unknown line)
_ZN4llvm13FPPassManager13runOnFunctionERNS_8FunctionE at /appl/julia/1.11.3/bin/../lib/julia/libLLVM-16jl.so (unknown line)
_ZN4llvm13FPPassManager11runOnModuleERNS_6ModuleE at /appl/julia/1.11.3/bin/../lib/julia/libLLVM-16jl.so (unknown line)
_ZN4llvm6legacy15PassManagerImpl3runERNS_6ModuleE at /appl/julia/1.11.3/bin/../lib/julia/libLLVM-16jl.so (unknown line)
_ZN4llvm3orc14SimpleCompilerclERNS_6ModuleE at /appl/julia/1.11.3/bin/../lib/julia/libLLVM-16jl.so (unknown line)
operator() at /cache/build/builder-demeter6-3/julialang/julia-release-1-dot-11/src/jitlayers.cpp:1388
_ZN4llvm3orc14IRCompileLayer4emitESt10unique_ptrINS0_29MaterializationResponsibilityESt14default_deleteIS3_EENS0_16ThreadSafeModuleE at /appl/julia/1.11.3/bin/../lib/julia/libLLVM-16jl.so (unknown line)
_ZN4llvm3orc16IRTransformLayer4emitESt10unique_ptrINS0_29MaterializationResponsibilityESt14default_deleteIS3_EENS0_16ThreadSafeModuleE at /appl/julia/1.11.3/bin/../lib/julia/libLLVM-16jl.so (unknown line)
_ZN4llvm3orc16IRTransformLayer4emitESt10unique_ptrINS0_29MaterializationResponsibilityESt14default_deleteIS3_EENS0_16ThreadSafeModuleE at /appl/julia/1.11.3/bin/../lib/julia/libLLVM-16jl.so (unknown line)
_ZN4llvm3orc16IRTransformLayer4emitESt10unique_ptrINS0_29MaterializationResponsibilityESt14default_deleteIS3_EENS0_16ThreadSafeModuleE at /appl/julia/1.11.3/bin/../lib/julia/libLLVM-16jl.so (unknown line)
_ZN4llvm3orc16IRTransformLayer4emitESt10unique_ptrINS0_29MaterializationResponsibilityESt14default_deleteIS3_EENS0_16ThreadSafeModuleE at /appl/julia/1.11.3/bin/../lib/julia/libLLVM-16jl.so (unknown line)
_ZN4llvm3orc31BasicIRLayerMaterializationUnit11materializeESt10unique_ptrINS0_29MaterializationResponsibilityESt14default_deleteIS3_EE at /appl/julia/1.11.3/bin/../lib/julia/libLLVM-16jl.so (unknown line)
_ZN4llvm3orc19MaterializationTask3runEv at /appl/julia/1.11.3/bin/../lib/julia/libLLVM-16jl.so (unknown line)
_ZN4llvm6detail18UniqueFunctionBaseIvJSt10unique_ptrINS_3orc4TaskESt14default_deleteIS4_EEEE8CallImplIPFvS7_EEEvPvRS7_ at /appl/julia/1.11.3/bin/../lib/julia/libLLVM-16jl.so (unknown line)
_ZN4llvm3orc16ExecutionSession22dispatchOutstandingMUsEv at /appl/julia/1.11.3/bin/../lib/julia/libLLVM-16jl.so (unknown line)
_ZN4llvm3orc16ExecutionSession17OL_completeLookupESt10unique_ptrINS0_21InProgressLookupStateESt14default_deleteIS3_EESt10shared_ptrINS0_23AsynchronousSymbolQueryEESt8functionIFvRKNS_8DenseMapIPNS0_8JITDylibENS_8DenseSetINS0_15SymbolStringPtrENS_12DenseMapInfoISF_vEEEENSG_ISD_vEENS_6detail12DenseMapPairISD_SI_EEEEEE at /appl/julia/1.11.3/bin/../lib/julia/libLLVM-16jl.so (unknown line)
_ZN4llvm3orc25InProgressFullLookupState8completeESt10unique_ptrINS0_21InProgressLookupStateESt14default_deleteIS3_EE at /appl/julia/1.11.3/bin/../lib/julia/libLLVM-16jl.so (unknown line)
_ZN4llvm3orc16ExecutionSession19OL_applyQueryPhase1ESt10unique_ptrINS0_21InProgressLookupStateESt14default_deleteIS3_EENS_5ErrorE at /appl/julia/1.11.3/bin/../lib/julia/libLLVM-16jl.so (unknown line)
_ZN4llvm3orc16ExecutionSession6lookupENS0_10LookupKindERKSt6vectorISt4pairIPNS0_8JITDylibENS0_19JITDylibLookupFlagsEESaIS8_EENS0_15SymbolLookupSetENS0_11SymbolStateENS_15unique_functionIFvNS_8ExpectedINS_8DenseMapINS0_15SymbolStringPtrENS_18JITEvaluatedSymbolENS_12DenseMapInfoISI_vEENS_6detail12DenseMapPairISI_SJ_EEEEEEEEESt8functionIFvRKNSH_IS6_NS_8DenseSetISI_SL_EENSK_IS6_vEENSN_IS6_SV_EEEEEE at /appl/julia/1.11.3/bin/../lib/julia/libLLVM-16jl.so (unknown line)
_ZN4llvm3orc16ExecutionSession6lookupERKSt6vectorISt4pairIPNS0_8JITDylibENS0_19JITDylibLookupFlagsEESaIS7_EENS0_15SymbolLookupSetENS0_10LookupKindENS0_11SymbolStateESt8functionIFvRKNS_8DenseMapIS5_NS_8DenseSetINS0_15SymbolStringPtrENS_12DenseMapInfoISI_vEEEENSJ_IS5_vEENS_6detail12DenseMapPairIS5_SL_EEEEEE at /appl/julia/1.11.3/bin/../lib/julia/libLLVM-16jl.so (unknown line)
addModule at /cache/build/builder-demeter6-3/julialang/julia-release-1-dot-11/src/jitlayers.cpp:1875
jl_add_to_ee at /cache/build/builder-demeter6-3/julialang/julia-release-1-dot-11/src/jitlayers.cpp:2306
_jl_compile_codeinst at /cache/build/builder-demeter6-3/julialang/julia-release-1-dot-11/src/jitlayers.cpp:277
jl_generate_fptr_impl at /cache/build/builder-demeter6-3/julialang/julia-release-1-dot-11/src/jitlayers.cpp:536
jl_compile_method_internal at /cache/build/builder-demeter6-3/julialang/julia-release-1-dot-11/src/gf.c:2536 [inlined]
jl_compile_method_internal at /cache/build/builder-demeter6-3/julialang/julia-release-1-dot-11/src/gf.c:2423
_jl_invoke at /cache/build/builder-demeter6-3/julialang/julia-release-1-dot-11/src/gf.c:2940 [inlined]
ijl_apply_generic at /cache/build/builder-demeter6-3/julialang/julia-release-1-dot-11/src/gf.c:3125
scrub_repl_backtrace at ./client.jl:108
exec_options at ./client.jl:326
_start at ./client.jl:531
[ Info: Creating vessel object for 'finlandia'
[ Info: All required files found, loading vessel data...
┌ Info: Successfully created vessel object
│   name = "FINLANDIA"
└   IMO = 9198721
[ Info: Simplifying vessel with target points: 50
ERROR: LoadError: InterruptException:
Stacktrace:
 [1] GRBoptimize
   @ ~/.julia/packages/Gurobi/Br0Mc/src/gen120/libgrb_api.jl:1196 [inlined]
 [2] optimize!(model::Gurobi.Optimizer)
   @ Gurobi ~/.julia/packages/Gurobi/Br0Mc/src/MOI_wrapper/MOI_wrapper.jl:2797
 [3] optimize!
   @ ~/.julia/packages/MathOptInterface/MQX8C/src/Bridges/bridge_optimizer.jl:367 [inlined]
 [4] optimize!
   @ ~/.julia/packages/MathOptInterface/MQX8C/src/MathOptInterface.jl:122 [inlined]
 [5] optimize!(m::MathOptInterface.Utilities.CachingOptimizer{MathOptInterface.Bridges.LazyBridgeOptimizer{Gurobi.Optimizer}, MathOptInterface.Utilities.UniversalFallback{MathOptInterface.Utilities.Model{Float64}}})
   @ MathOptInterface.Utilities ~/.julia/packages/MathOptInterface/MQX8C/src/Utilities/cachingoptimizer.jl:321
 [6] optimize!(model::Model; ignore_optimize_hook::Bool, _differentiation_backend::MathOptInterface.Nonlinear.SparseReverseMode, kwargs::@Kwargs{})
   @ JuMP ~/.julia/packages/JuMP/xlp0s/src/optimizer_interface.jl:595
 [7] optimize!
   @ ~/.julia/packages/JuMP/xlp0s/src/optimizer_interface.jl:546 [inlined]
 [8] top-level scope
   @ ~/RORO-Thesis/OliverModelStochastic/Main_Stochastic_finlandia_no_cars.jl:59
in expression starting at /zhome/e3/5/146953/RORO-Thesis/OliverModelStochastic/Main_Stochastic_finlandia_no_cars.jl:50
jfptr__start_73609.1 at /appl/julia/1.11.3/lib/julia/sys.so (unknown line)
jl_apply at /cache/build/builder-demeter6-3/julialang/julia-release-1-dot-11/src/julia.h:2157 [inlined]
true_main at /cache/build/builder-demeter6-3/julialang/julia-release-1-dot-11/src/jlapi.c:900
jl_repl_entrypoint at /cache/build/builder-demeter6-3/julialang/julia-release-1-dot-11/src/jlapi.c:1059
main at julia-1.11.3 (unknown line)
__libc_start_call_main at /lib64/libc.so.6 (unknown line)
__libc_start_main at /lib64/libc.so.6 (unknown line)
unknown function (ip: 0x4010b8)
Allocations: 125531477 (Pool: 125529184; Big: 2293); GC: 83
/zhome/e3/5/146953/.lsbatch/1747293385.24983273.5.shell: line 21: 2924647 Segmentation fault      julia Main_Stochastic_finlandia_no_cars.jl $LSB_JOBINDEX
