Loaded module: julia/1.11.3
Loaded module: gurobi/12.0.1
  Activating project at `~/RORO-Thesis/OliverModelStochastic`
Precompiling project...
  16966.3 ms  ✓ StowagePlanner
  1 dependency successfully precompiled in 50 seconds. 340 already precompiled.
[ Info: Creating vessel object for 'finlandia'
[ Info: All required files found, loading vessel data...
┌ Info: Successfully created vessel object
│   name = "FINLANDIA"
└   IMO = 9198721
[ Info: Simplifying vessel with target points: 50
[ Info: Creating vessel object for 'finlandia'
[ Info: All required files found, loading vessel data...
┌ Info: Successfully created vessel object
│   name = "FINLANDIA"
└   IMO = 9198721
[ Info: Simplifying vessel with target points: 50
ERROR: LoadError: MethodError: no method matching get_solution_second_stage_stochastic(::StowageProblem, ::Int64, ::Solution)
The function `get_solution_second_stage_stochastic` exists, but no method is defined for this combination of argument types.

Closest candidates are:
  get_solution_second_stage_stochastic(::Any, ::Any, !Matched::SolutionStochastic)
   @ Main ~/RORO-Thesis/OliverModelStochastic/src/solution.jl:419

Stacktrace:
 [1] top-level scope
   @ ~/RORO-Thesis/OliverModelStochastic/Main_Random_Stowage_plan.jl:63
in expression starting at /zhome/e3/5/146953/RORO-Thesis/OliverModelStochastic/Main_Random_Stowage_plan.jl:36
