Loaded module: julia/1.11.3
Loaded module: gurobi/12.0.1
  Activating project at `~/RORO-Thesis/OliverModelStochastic`
Precompiling project...
  16913.2 ms  ✓ StowagePlanner
  1 dependency successfully precompiled in 35 seconds. 340 already precompiled.
[ Info: Creating vessel object for 'finlandia'
[ Info: All required files found, loading vessel data...
┌ Info: Successfully created vessel object
│   name = "FINLANDIA"
└   IMO = 9198721
[ Info: Simplifying vessel with target points: 50
ERROR: LoadError: Gurobi Error 10009: Failed to connect to token server 'license1.cc.dtu.dk' (port 4195) - license file '/appl/gurobi/etc/gurobi.lic'.  Consult https://www.gurobi.com/getting-started for instructions on starting a token server.
Stacktrace:
  [1] _check_ret
    @ ~/.julia/packages/Gurobi/Br0Mc/src/MOI_wrapper/MOI_wrapper.jl:442 [inlined]
  [2] Gurobi.Env(params::Nothing; started::Bool, output_flag::Int64, memory_limit::Nothing)
    @ Gurobi ~/.julia/packages/Gurobi/Br0Mc/src/MOI_wrapper/MOI_wrapper.jl:176
  [3] Env (repeats 2 times)
    @ ~/.julia/packages/Gurobi/Br0Mc/src/MOI_wrapper/MOI_wrapper.jl:143 [inlined]
  [4] Gurobi.Optimizer(env::Nothing; enable_interrupts::Bool)
    @ Gurobi ~/.julia/packages/Gurobi/Br0Mc/src/MOI_wrapper/MOI_wrapper.jl:372
  [5] Optimizer
    @ ~/.julia/packages/Gurobi/Br0Mc/src/MOI_wrapper/MOI_wrapper.jl:366 [inlined]
  [6] Gurobi.Optimizer()
    @ Gurobi ~/.julia/packages/Gurobi/Br0Mc/src/MOI_wrapper/MOI_wrapper.jl:366
  [7] _instantiate_and_check(optimizer_constructor::Any)
    @ MathOptInterface ~/.julia/packages/MathOptInterface/JdLrc/src/instantiate.jl:96
  [8] instantiate(optimizer_constructor::Any; with_bridge_type::Type{Float64}, with_cache_type::Nothing)
    @ MathOptInterface ~/.julia/packages/MathOptInterface/JdLrc/src/instantiate.jl:177
  [9] set_optimizer(model::Model, optimizer_constructor::Any; add_bridges::Bool)
    @ JuMP ~/.julia/packages/JuMP/xlp0s/src/optimizer_interface.jl:493
 [10] set_optimizer
    @ ~/.julia/packages/JuMP/xlp0s/src/optimizer_interface.jl:486 [inlined]
 [11] #_#1
    @ ~/.julia/packages/JuMP/xlp0s/src/JuMP.jl:195 [inlined]
 [12] GenericModel
    @ ~/.julia/packages/JuMP/xlp0s/src/JuMP.jl:187 [inlined]
 [13] second_stage_model_v2(cs::Matrix{Float64}, problem::StowageProblem)
    @ Main ~/RORO-Thesis/OliverModelStochastic/src/model/second_stage_model_v2.jl:19
 [14] feasibility_check(sol::Solution, problem::StowageProblem, CargoC::CargoCollection)
    @ Main ~/RORO-Thesis/OliverModelStochastic/Feasibility_check.jl:57
 [15] top-level scope
    @ ~/RORO-Thesis/OliverModelStochastic/Main_Random_Stowage_plan.jl:56
in expression starting at /zhome/e3/5/146953/RORO-Thesis/OliverModelStochastic/Main_Random_Stowage_plan.jl:36
