Loaded module: julia/1.11.3
Loaded module: gurobi/12.0.1
  Activating project at `~/RORO-Thesis/OliverModelStochastic`
Precompiling project...
  26504.5 ms  ✓ StowagePlanner
  1 dependency successfully precompiled in 87 seconds. 340 already precompiled.
[ Info: Creating vessel object for 'finlandia'
[ Info: All required files found, loading vessel data...
┌ Info: Successfully created vessel object
│   name = "FINLANDIA"
└   IMO = 9198721
[ Info: Simplifying vessel with target points: 50
[ Info: Creating vessel object for 'finlandia'
[ Info: All required files found, loading vessel data...
┌ Info: Successfully created vessel object
│   name = "FINLANDIA"
└   IMO = 9198721
[ Info: Simplifying vessel with target points: 50
[ Info: Creating vessel object for 'finlandia'
[ Info: All required files found, loading vessel data...
┌ Info: Successfully created vessel object
│   name = "FINLANDIA"
└   IMO = 9198721
[ Info: Simplifying vessel with target points: 50
[ Info: Creating vessel object for 'finlandia'
[ Info: All required files found, loading vessel data...
┌ Info: Successfully created vessel object
│   name = "FINLANDIA"
└   IMO = 9198721
[ Info: Simplifying vessel with target points: 50
[ Info: Creating vessel object for 'finlandia'
[ Info: All required files found, loading vessel data...
┌ Info: Successfully created vessel object
│   name = "FINLANDIA"
└   IMO = 9198721
[ Info: Simplifying vessel with target points: 50
[ Info: Creating vessel object for 'finlandia'
[ Info: All required files found, loading vessel data...
┌ Info: Successfully created vessel object
│   name = "FINLANDIA"
└   IMO = 9198721
[ Info: Simplifying vessel with target points: 50
[ Info: Creating vessel object for 'finlandia'
[ Info: All required files found, loading vessel data...
┌ Info: Successfully created vessel object
│   name = "FINLANDIA"
└   IMO = 9198721
[ Info: Simplifying vessel with target points: 50
[ Info: Creating vessel object for 'finlandia'
[ Info: All required files found, loading vessel data...
┌ Info: Successfully created vessel object
│   name = "FINLANDIA"
└   IMO = 9198721
[ Info: Simplifying vessel with target points: 50
