Loaded module: julia/1.11.3
Loaded module: gurobi/12.0.1
  Activating project at `~/RORO-Thesis/OliverModelStochastic`
Precompiling project...
  17867.7 ms  ✓ StowagePlanner
  1 dependency successfully precompiled in 23 seconds. 433 already precompiled.
[ Info: Creating vessel object for 'finlandia'
[ Info: All required files found, loading vessel data...
┌ Info: Successfully created vessel object
│   name = "FINLANDIA"
└   IMO = 9198721
[ Info: Simplifying vessel with target points: 50
ERROR: LoadError: Addition between an array and a JuMP scalar is not supported: instead of `x + y`, do `x .+ y` for element-wise addition.
Stacktrace:
  [1] error(s::String)
    @ Base ./error.jl:35
  [2] _throw_operator_error(::typeof(MutableArithmetics.add_mul), x::Vector{VariableRef})
    @ JuMP ~/.julia/packages/JuMP/xlp0s/src/operators.jl:461
  [3] operate!!(op::typeof(MutableArithmetics.add_mul), ::AffExpr, x::Vector{VariableRef})
    @ JuMP ~/.julia/packages/JuMP/xlp0s/src/operators.jl:497
  [4] macro expansion
    @ ~/.julia/packages/MutableArithmetics/gYzox/src/rewrite.jl:371 [inlined]
  [5] macro expansion
    @ ~/.julia/packages/JuMP/xlp0s/src/macros.jl:264 [inlined]
  [6] macro expansion
    @ ~/.julia/packages/JuMP/xlp0s/src/macros/@expression.jl:86 [inlined]
  [7] macro expansion
    @ ~/.julia/packages/JuMP/xlp0s/src/macros.jl:400 [inlined]
  [8] add_stability_temp!(vessel::Main.StowagePlannerStochastic.Vessel, model::Model, pos_weight_cargo::Vector{AffExpr}, lcg_cargo::AffExpr, tcg_cargo::AffExpr, vcg_cargo::AffExpr)
    @ Main.StowagePlannerStochastic ~/RORO-Thesis/OliverModelStochastic/src/model/base_model.jl:661
  [9] create_model_temp(problem::StowageProblem)
    @ Main.StowagePlannerStochastic ~/RORO-Thesis/OliverModelStochastic/src/model/base_model.jl:461
 [10] top-level scope
    @ ~/RORO-Thesis/OliverModelStochastic/Panic_Model_test.jl:19
in expression starting at /zhome/e3/5/146953/RORO-Thesis/OliverModelStochastic/Panic_Model_test.jl:19
