Loaded module: julia/1.11.3
Loaded module: gurobi/12.0.1
  Activating project at `~/RORO-Thesis/OliverModelStochastic`
[ Info: Creating vessel object for 'finlandia'
[ Info: All required files found, loading vessel data...
┌ Info: Successfully created vessel object
│   name = "FINLANDIA"
└   IMO = 9198721
[ Info: Simplifying vessel with target points: 50
[ Info: Creating vessel object for 'finlandia'
[ Info: All required files found, loading vessel data...
┌ Info: Successfully created vessel object
│   name = "FINLANDIA"
└   IMO = 9198721
[ Info: Simplifying vessel with target points: 50
ERROR: LoadError: KeyError: key :slack_ballast_tanks not found
Stacktrace:
 [1] getindex(m::Model, name::Symbol)
   @ JuMP ~/.julia/packages/JuMP/xlp0s/src/JuMP.jl:1065
 [2] write_slack(HPC_folder::String, foldername::String, filename::String, model::Model)
   @ Main ~/RORO-Thesis/OliverModelStochastic/src/utils/SaveData.jl:313
 [3] top-level scope
   @ ~/RORO-Thesis/OliverModelStochastic/Main_Random_Stowage_plan.jl:65
in expression starting at /zhome/e3/5/146953/RORO-Thesis/OliverModelStochastic/Main_Random_Stowage_plan.jl:36
