Loaded module: julia/1.11.3
Loaded module: gurobi/12.0.1
  Activating project at `~/RORO-Thesis/OliverModelStochastic`
ERROR: LoadError: ArgumentError: "/home/rasmusmolsted/Documents/DTU/Onedrive-filer/Speciale/RORO-Thesis/OliverModelStochastic/data/CargoWeights.csv" is not a valid file or doesn't exist
Stacktrace:
 [1] CSV.Context(source::CSV.Arg, header::CSV.Arg, normalizenames::CSV.Arg, datarow::CSV.Arg, skipto::CSV.Arg, footerskip::CSV.Arg, transpose::CSV.Arg, comment::CSV.Arg, ignoreemptyrows::CSV.Arg, ignoreemptylines::CSV.Arg, select::CSV.Arg, drop::CSV.Arg, limit::CSV.Arg, buffer_in_memory::CSV.Arg, threaded::CSV.Arg, ntasks::CSV.Arg, tasks::CSV.Arg, rows_to_check::CSV.Arg, lines_to_check::CSV.Arg, missingstrings::CSV.Arg, missingstring::CSV.Arg, delim::CSV.Arg, ignorerepeated::CSV.Arg, quoted::CSV.Arg, quotechar::CSV.Arg, openquotechar::CSV.Arg, closequotechar::CSV.Arg, escapechar::CSV.Arg, dateformat::CSV.Arg, dateformats::CSV.Arg, decimal::CSV.Arg, groupmark::CSV.Arg, truestrings::CSV.Arg, falsestrings::CSV.Arg, stripwhitespace::CSV.Arg, type::CSV.Arg, types::CSV.Arg, typemap::CSV.Arg, pool::CSV.Arg, downcast::CSV.Arg, lazystrings::CSV.Arg, stringtype::CSV.Arg, strict::CSV.Arg, silencewarnings::CSV.Arg, maxwarnings::CSV.Arg, debug::CSV.Arg, parsingdebug::CSV.Arg, validate::CSV.Arg, streaming::CSV.Arg)
   @ CSV ~/.julia/packages/CSV/XLcqT/src/context.jl:314
 [2] #File#32
   @ ~/.julia/packages/CSV/XLcqT/src/file.jl:222 [inlined]
 [3] read(source::String, sink::Type; copycols::Bool, kwargs::@Kwargs{delim::String})
   @ CSV ~/.julia/packages/CSV/XLcqT/src/CSV.jl:117
 [4] top-level scope
   @ ~/RORO-Thesis/OliverModelStochastic/src/representation/CargoScenarios.jl:128
 [5] include(mod::Module, _path::String)
   @ Base ./Base.jl:557
 [6] include(x::String)
   @ Main.StowagePlannerStochastic ~/RORO-Thesis/OliverModelStochastic/src/StowagePlannerStochastic.jl:1
 [7] top-level scope
   @ ~/RORO-Thesis/OliverModelStochastic/src/StowagePlannerStochastic.jl:45
 [8] include(fname::String)
   @ Main ./sysimg.jl:38
 [9] top-level scope
   @ ~/RORO-Thesis/OliverModelStochastic/Main_Stochastic.jl:4
in expression starting at /zhome/e3/5/146953/RORO-Thesis/OliverModelStochastic/src/representation/CargoScenarios.jl:128
in expression starting at /zhome/e3/5/146953/RORO-Thesis/OliverModelStochastic/src/StowagePlannerStochastic.jl:1
in expression starting at /zhome/e3/5/146953/RORO-Thesis/OliverModelStochastic/Main_Stochastic.jl:4
