Set parameter TSPort to value 4195
Set parameter TokenServer to value "license1.cc.dtu.dk"
Set parameter Threads to value 4
Set parameter TimeLimit to value 900
Set parameter TSPort to value 4195
Set parameter TokenServer to value "license1.cc.dtu.dk"
Set parameter Threads to value 4
Set parameter TimeLimit to value 900
Set parameter TSPort to value 4195
Set parameter TokenServer to value "license1.cc.dtu.dk"
Set parameter Threads to value 4
Set parameter TimeLimit to value 900
Set parameter TSPort to value 4195
Set parameter TokenServer to value "license1.cc.dtu.dk"
Set parameter Threads to value 4
Set parameter TimeLimit to value 900
Set parameter TSPort to value 4195
Set parameter TokenServer to value "license1.cc.dtu.dk"
Set parameter Threads to value 4
Set parameter TimeLimit to value 900
Set parameter TSPort to value 4195
Set parameter TokenServer to value "license1.cc.dtu.dk"
Set parameter Threads to value 4
Set parameter TimeLimit to value 900
Set parameter TSPort to value 4195
Set parameter TokenServer to value "license1.cc.dtu.dk"
Set parameter Threads to value 4
Set parameter TimeLimit to value 900
Set parameter TSPort to value 4195
Set parameter TokenServer to value "license1.cc.dtu.dk"
Set parameter Threads to value 4
Set parameter TimeLimit to value 900
Set parameter TSPort to value 4195
Set parameter TokenServer to value "license1.cc.dtu.dk"
Set parameter Threads to value 4
Set parameter TimeLimit to value 900
Set parameter TSPort to value 4195
Set parameter TokenServer to value "license1.cc.dtu.dk"
Set parameter Threads to value 4
Set parameter TimeLimit to value 900
Set parameter TSPort to value 4195
Set parameter TokenServer to value "license1.cc.dtu.dk"
Set parameter Threads to value 4
Set parameter TimeLimit to value 900
Set parameter TSPort to value 4195
Set parameter TokenServer to value "license1.cc.dtu.dk"
Set parameter Threads to value 4
Set parameter TimeLimit to value 900
Set parameter TSPort to value 4195
Set parameter TokenServer to value "license1.cc.dtu.dk"
Set parameter Threads to value 4
Set parameter TimeLimit to value 900
Set parameter TSPort to value 4195
Set parameter TokenServer to value "license1.cc.dtu.dk"
Set parameter Threads to value 4
Set parameter TimeLimit to value 900
Set parameter TSPort to value 4195
Set parameter TokenServer to value "license1.cc.dtu.dk"
Set parameter Threads to value 4
Set parameter TimeLimit to value 900
Set parameter TSPort to value 4195
Set parameter TokenServer to value "license1.cc.dtu.dk"
Set parameter Threads to value 4
Set parameter TimeLimit to value 900
Set parameter TSPort to value 4195
Set parameter TokenServer to value "license1.cc.dtu.dk"
Set parameter Threads to value 4
Set parameter TimeLimit to value 900
Set parameter TSPort to value 4195
Set parameter TokenServer to value "license1.cc.dtu.dk"
Set parameter Threads to value 4
Set parameter TimeLimit to value 900
Set parameter TSPort to value 4195
Set parameter TokenServer to value "license1.cc.dtu.dk"
Set parameter Threads to value 4
Set parameter TimeLimit to value 900
Set parameter TSPort to value 4195
Set parameter TokenServer to value "license1.cc.dtu.dk"
Set parameter Threads to value 4
Set parameter TimeLimit to value 900
Set parameter TSPort to value 4195
Set parameter TokenServer to value "license1.cc.dtu.dk"
Set parameter Threads to value 4
Set parameter TimeLimit to value 900
Set parameter TSPort to value 4195
Set parameter TokenServer to value "license1.cc.dtu.dk"
Set parameter Threads to value 4
Set parameter TimeLimit to value 900
Set parameter TSPort to value 4195
Set parameter TokenServer to value "license1.cc.dtu.dk"
Set parameter Threads to value 4
Set parameter TimeLimit to value 900
Set parameter TSPort to value 4195
Set parameter TokenServer to value "license1.cc.dtu.dk"
Set parameter Threads to value 4
Set parameter TimeLimit to value 900
Set parameter TSPort to value 4195
Set parameter TokenServer to value "license1.cc.dtu.dk"
Set parameter Threads to value 4
Set parameter TimeLimit to value 900
Set parameter TSPort to value 4195
Set parameter TokenServer to value "license1.cc.dtu.dk"
Set parameter Threads to value 4
Set parameter TimeLimit to value 900
Set parameter TSPort to value 4195
Set parameter TokenServer to value "license1.cc.dtu.dk"
Set parameter Threads to value 4
Set parameter TimeLimit to value 900
Set parameter TSPort to value 4195
Set parameter TokenServer to value "license1.cc.dtu.dk"
Set parameter Threads to value 4
Set parameter TimeLimit to value 900
Set parameter TSPort to value 4195
Set parameter TokenServer to value "license1.cc.dtu.dk"
Set parameter Threads to value 4
Set parameter TimeLimit to value 900
Set parameter TSPort to value 4195
Set parameter TokenServer to value "license1.cc.dtu.dk"
Set parameter Threads to value 4
Set parameter TimeLimit to value 900
Set parameter TSPort to value 4195
Set parameter TokenServer to value "license1.cc.dtu.dk"
Set parameter Threads to value 4
Set parameter TimeLimit to value 900
Set parameter TSPort to value 4195
Set parameter TokenServer to value "license1.cc.dtu.dk"
Set parameter Threads to value 4
Set parameter TimeLimit to value 900
Set parameter TSPort to value 4195
Set parameter TokenServer to value "license1.cc.dtu.dk"
Set parameter Threads to value 4
Set parameter TimeLimit to value 900
Set parameter TSPort to value 4195
Set parameter TokenServer to value "license1.cc.dtu.dk"
Set parameter Threads to value 4
Set parameter TimeLimit to value 900
Set parameter TSPort to value 4195
Set parameter TokenServer to value "license1.cc.dtu.dk"
Set parameter Threads to value 4
Set parameter TimeLimit to value 900
Set parameter TSPort to value 4195
Set parameter TokenServer to value "license1.cc.dtu.dk"
Set parameter Threads to value 4
Set parameter TimeLimit to value 900
Set parameter TSPort to value 4195
Set parameter TokenServer to value "license1.cc.dtu.dk"
Set parameter Threads to value 4
Set parameter TimeLimit to value 900
Set parameter TSPort to value 4195
Set parameter TokenServer to value "license1.cc.dtu.dk"
Set parameter Threads to value 4
Set parameter TimeLimit to value 900
Set parameter TSPort to value 4195
Set parameter TokenServer to value "license1.cc.dtu.dk"
Set parameter Threads to value 4
Set parameter TimeLimit to value 900
Set parameter TSPort to value 4195
Set parameter TokenServer to value "license1.cc.dtu.dk"
Set parameter Threads to value 4
Set parameter TimeLimit to value 900
Set parameter TSPort to value 4195
Set parameter TokenServer to value "license1.cc.dtu.dk"
Set parameter Threads to value 4
Set parameter TimeLimit to value 900
Set parameter TSPort to value 4195
Set parameter TokenServer to value "license1.cc.dtu.dk"
Set parameter Threads to value 4
Set parameter TimeLimit to value 900
Set parameter TSPort to value 4195
Set parameter TokenServer to value "license1.cc.dtu.dk"
Set parameter Threads to value 4
Set parameter TimeLimit to value 900
Set parameter TSPort to value 4195
Set parameter TokenServer to value "license1.cc.dtu.dk"
Set parameter Threads to value 4
Set parameter TimeLimit to value 900
Set parameter TSPort to value 4195
Set parameter TokenServer to value "license1.cc.dtu.dk"
Set parameter Threads to value 4
Set parameter TimeLimit to value 900
Set parameter TSPort to value 4195
Set parameter TokenServer to value "license1.cc.dtu.dk"
Set parameter Threads to value 4
Set parameter TimeLimit to value 900
Set parameter TSPort to value 4195
Set parameter TokenServer to value "license1.cc.dtu.dk"
Set parameter Threads to value 4
Set parameter TimeLimit to value 900
Set parameter TSPort to value 4195
Set parameter TokenServer to value "license1.cc.dtu.dk"
Set parameter Threads to value 4
Set parameter TimeLimit to value 900
Set parameter TSPort to value 4195
Set parameter TokenServer to value "license1.cc.dtu.dk"
Set parameter Threads to value 4
Set parameter TimeLimit to value 900
Set parameter TSPort to value 4195
Set parameter TokenServer to value "license1.cc.dtu.dk"
Set parameter Threads to value 4
Set parameter TimeLimit to value 900
Set parameter TSPort to value 4195
Set parameter TokenServer to value "license1.cc.dtu.dk"
Set parameter Threads to value 4
Set parameter TimeLimit to value 900
Set parameter TSPort to value 4195
Set parameter TokenServer to value "license1.cc.dtu.dk"
Set parameter Threads to value 4
Set parameter TimeLimit to value 900
Set parameter TSPort to value 4195
Set parameter TokenServer to value "license1.cc.dtu.dk"
Set parameter Threads to value 4
Set parameter TimeLimit to value 900
Set parameter TSPort to value 4195
Set parameter TokenServer to value "license1.cc.dtu.dk"
Set parameter Threads to value 4
Set parameter TimeLimit to value 900
Set parameter TSPort to value 4195
Set parameter TokenServer to value "license1.cc.dtu.dk"
Set parameter Threads to value 4
Set parameter TimeLimit to value 900
Set parameter TSPort to value 4195
Set parameter TokenServer to value "license1.cc.dtu.dk"
Set parameter Threads to value 4
Set parameter TimeLimit to value 900
Set parameter TSPort to value 4195
Set parameter TokenServer to value "license1.cc.dtu.dk"
Set parameter Threads to value 4
Set parameter TimeLimit to value 900
Set parameter TSPort to value 4195
Set parameter TokenServer to value "license1.cc.dtu.dk"
Set parameter Threads to value 4
Set parameter TimeLimit to value 900
Set parameter TSPort to value 4195
Set parameter TokenServer to value "license1.cc.dtu.dk"
Set parameter Threads to value 4
Set parameter TimeLimit to value 900
Set parameter TSPort to value 4195
Set parameter TokenServer to value "license1.cc.dtu.dk"
Set parameter Threads to value 4
Set parameter TimeLimit to value 900
Set parameter TSPort to value 4195
Set parameter TokenServer to value "license1.cc.dtu.dk"
Set parameter Threads to value 4
Set parameter TimeLimit to value 900
Set parameter TSPort to value 4195
Set parameter TokenServer to value "license1.cc.dtu.dk"
Set parameter Threads to value 4
Set parameter TimeLimit to value 900
Set parameter TSPort to value 4195
Set parameter TokenServer to value "license1.cc.dtu.dk"
Set parameter Threads to value 4
Set parameter TimeLimit to value 900
Set parameter TSPort to value 4195
Set parameter TokenServer to value "license1.cc.dtu.dk"
Set parameter Threads to value 4
Set parameter TimeLimit to value 900
Set parameter TSPort to value 4195
Set parameter TokenServer to value "license1.cc.dtu.dk"
Set parameter Threads to value 4
Set parameter TimeLimit to value 900
Set parameter TSPort to value 4195
Set parameter TokenServer to value "license1.cc.dtu.dk"
Set parameter Threads to value 4
Set parameter TimeLimit to value 900
Set parameter TSPort to value 4195
Set parameter TokenServer to value "license1.cc.dtu.dk"
Set parameter Threads to value 4
Set parameter TimeLimit to value 900
Set parameter TSPort to value 4195
Set parameter TokenServer to value "license1.cc.dtu.dk"
Set parameter Threads to value 4
Set parameter TimeLimit to value 900
Set parameter TSPort to value 4195
Set parameter TokenServer to value "license1.cc.dtu.dk"
Set parameter Threads to value 4
Set parameter TimeLimit to value 900
Set parameter TSPort to value 4195
Set parameter TokenServer to value "license1.cc.dtu.dk"
Set parameter Threads to value 4
Set parameter TimeLimit to value 900
Set parameter TSPort to value 4195
Set parameter TokenServer to value "license1.cc.dtu.dk"
Set parameter Threads to value 4
Set parameter TimeLimit to value 900
Set parameter TSPort to value 4195
Set parameter TokenServer to value "license1.cc.dtu.dk"
Set parameter Threads to value 4
Set parameter TimeLimit to value 900
Set parameter TSPort to value 4195
Set parameter TokenServer to value "license1.cc.dtu.dk"
Set parameter Threads to value 4
Set parameter TimeLimit to value 900
Set parameter TSPort to value 4195
Set parameter TokenServer to value "license1.cc.dtu.dk"
Set parameter Threads to value 4
Set parameter TimeLimit to value 900
Set parameter TSPort to value 4195
Set parameter TokenServer to value "license1.cc.dtu.dk"
Set parameter Threads to value 4
Set parameter TimeLimit to value 900
Set parameter TSPort to value 4195
Set parameter TokenServer to value "license1.cc.dtu.dk"
Set parameter Threads to value 4
Set parameter TimeLimit to value 900
Set parameter TSPort to value 4195
Set parameter TokenServer to value "license1.cc.dtu.dk"
Set parameter Threads to value 4
Set parameter TimeLimit to value 900
Set parameter TSPort to value 4195
Set parameter TokenServer to value "license1.cc.dtu.dk"
Set parameter Threads to value 4
Set parameter TimeLimit to value 900
Set parameter TSPort to value 4195
Set parameter TokenServer to value "license1.cc.dtu.dk"
Set parameter Threads to value 4
Set parameter TimeLimit to value 900
Set parameter TSPort to value 4195
Set parameter TokenServer to value "license1.cc.dtu.dk"
Set parameter Threads to value 4
Set parameter TimeLimit to value 900
Set parameter TSPort to value 4195
Set parameter TokenServer to value "license1.cc.dtu.dk"
Set parameter Threads to value 4
Set parameter TimeLimit to value 900
Iteration 1 of 8
Stability Model is feasible
Stability Model is feasible
Stability Model is feasible
Stability Model is feasible
Stability Model is feasible
Stability Model is feasible
Stability Model is feasible
Stability Model is feasible
Stability Model is feasible
Stability Model is feasible
Stability Model is feasible
Stability Model is feasible
Stability Model is feasible
Stability Model is feasible
Stability Model is feasible
Stability Model is feasible
Stability Model is feasible
Stability Model is feasible
Stability Model is feasible
Stability Model is feasible
Iteration 2 of 8
Deck weight limit exceeded on deck 1
